<?xml version="1.0" encoding="UTF-8"?>
<!-- Generated by org.testng.reporters.JUnitReportReporter -->
<testsuite skipped="0" hostname="DESKTOP-BKBELAS" name="demo.LoginTest" tests="1" failures="0" timestamp="2020-05-03T13:05:18 CST" time="10.059" errors="0">
  <testcase name="loginTest" time="10.059" classname="demo.LoginTest"/>
  <system-out/>
</testsuite> <!-- demo.LoginTest -->
