<?xml version="1.0" encoding="UTF-8"?>
<!-- Generated by org.testng.reporters.JUnitReportReporter -->
<testsuite skipped="0" hostname="DESKTOP-BKBELAS" name="demoTest.LoginTest" tests="1" failures="0" timestamp="2020-05-02T15:17:37 CST" time="11.031" errors="0">
  <testcase name="loginTest" time="11.031" classname="demoTest.LoginTest"/>
  <system-out/>
</testsuite> <!-- demoTest.LoginTest -->
